  stdafx.cpp
c:\users\user\desktop\maple_story\maplestory\headers\define.h(4): warning C4005: 'PURE': 매크로 재정의
  c:\program files (x86)\windows kits\10\include\10.0.15063.0\um\combaseapi.h(202): note: 'PURE'의 이전 정의를 참조하십시오.
  Stage1_Map.cpp
  Stage1_Back.cpp
  Stage1.cpp
  SoundMgr.cpp
c:\users\user\desktop\maple_story\maplestory\client\soundmgr.cpp(21): warning C4150: 불완전한 형식 'FMOD_SOUND'에 대한 포인터를 삭제했습니다. 소멸자가 호출되지 않습니다.
  c:\users\user\desktop\maple_story\maplestory\fmodlib\fmod.h(64): note: 'FMOD_SOUND' 선언을 참조하십시오.
  SceneMgr.cpp
  Scene.cpp
  Player.cpp
  ObjMgr.cpp
  Obj.cpp
  Mouse.cpp
  MainGame.cpp
  Logo.cpp
  KeyMgr.cpp
  Client.cpp
  BitMapMgr.cpp
  BitMap.cpp
  Logo_Back.cpp
  코드를 생성하고 있습니다...
  Client.vcxproj -> C:\Users\User\Desktop\Maple_Story\MapleStory\Debug\Client.exe
  Client.vcxproj -> C:\Users\User\Desktop\Maple_Story\MapleStory\Debug\Client.pdb (Partial PDB)
