  stdafx.cpp
c:\users\user\desktop\maple_story\maplestory\headers\define.h(4): warning C4005: 'PURE': 매크로 재정의
  c:\program files (x86)\windows kits\10\include\10.0.15063.0\um\combaseapi.h(202): note: 'PURE'의 이전 정의를 참조하십시오.
  SoundMgr.cpp
c:\users\user\desktop\maple_story\maplestory\client\soundmgr.cpp(21): warning C4150: 불완전한 형식 'FMOD_SOUND'에 대한 포인터를 삭제했습니다. 소멸자가 호출되지 않습니다.
  c:\users\user\desktop\maple_story\maplestory\fmodlib\fmod.h(64): note: 'FMOD_SOUND' 선언을 참조하십시오.
c:\users\user\desktop\maple_story\maplestory\client\soundmgr.cpp(42): warning C4244: '=': 'intptr_t'에서 'long'(으)로 변환하면서 데이터가 손실될 수 있습니다.
c:\users\user\desktop\maple_story\maplestory\client\soundmgr.cpp(51): warning C4267: '인수': 'size_t'에서 'int'(으)로 변환하면서 데이터가 손실될 수 있습니다.
  SceneMgr.cpp
  Scene.cpp
  ObjMgr.cpp
c:\users\user\desktop\maple_story\maplestory\client\objmgr.cpp(70): warning C4267: '초기화 중': 'size_t'에서 'int'(으)로 변환하면서 데이터가 손실될 수 있습니다.
  Obj.cpp
  Mouse.cpp
  MainGame.cpp
  Logo.cpp
  KeyMgr.cpp
  Client.cpp
  BitMapMgr.cpp
  BitMap.cpp
  코드를 생성하고 있습니다...
SoundMgr.obj : error LNK2019: FMOD_System_Create 외부 기호(참조 위치: "public: void __cdecl CSoundMgr::Initialize(void)" (?Initialize@CSoundMgr@@QEAAXXZ) 함수)에서 확인하지 못했습니다.
SoundMgr.obj : error LNK2019: FMOD_System_Release 외부 기호(참조 위치: "public: __cdecl CSoundMgr::~CSoundMgr(void)" (??1CSoundMgr@@QEAA@XZ) 함수)에서 확인하지 못했습니다.
SoundMgr.obj : error LNK2019: FMOD_System_Init 외부 기호(참조 위치: "public: void __cdecl CSoundMgr::Initialize(void)" (?Initialize@CSoundMgr@@QEAAXXZ) 함수)에서 확인하지 못했습니다.
SoundMgr.obj : error LNK2019: FMOD_System_Close 외부 기호(참조 위치: "public: __cdecl CSoundMgr::~CSoundMgr(void)" (??1CSoundMgr@@QEAA@XZ) 함수)에서 확인하지 못했습니다.
SoundMgr.obj : error LNK2019: FMOD_System_Update 외부 기호(참조 위치: "public: void __cdecl CSoundMgr::LoadSoundFile(void)" (?LoadSoundFile@CSoundMgr@@QEAAXXZ) 함수)에서 확인하지 못했습니다.
SoundMgr.obj : error LNK2019: FMOD_System_GetVersion 외부 기호(참조 위치: "public: void __cdecl CSoundMgr::Initialize(void)" (?Initialize@CSoundMgr@@QEAAXXZ) 함수)에서 확인하지 못했습니다.
SoundMgr.obj : error LNK2019: FMOD_System_CreateSound 외부 기호(참조 위치: "public: void __cdecl CSoundMgr::LoadSoundFile(void)" (?LoadSoundFile@CSoundMgr@@QEAAXXZ) 함수)에서 확인하지 못했습니다.
SoundMgr.obj : error LNK2019: FMOD_System_PlaySound 외부 기호(참조 위치: "public: void __cdecl CSoundMgr::Play_Bgm(wchar_t *)" (?Play_Bgm@CSoundMgr@@QEAAXPEA_W@Z) 함수)에서 확인하지 못했습니다.
SoundMgr.obj : error LNK2019: FMOD_Sound_Release 외부 기호(참조 위치: "public: __cdecl CSoundMgr::~CSoundMgr(void)" (??1CSoundMgr@@QEAA@XZ) 함수)에서 확인하지 못했습니다.
SoundMgr.obj : error LNK2019: FMOD_Sound_SetMode 외부 기호(참조 위치: "public: void __cdecl CSoundMgr::Play_Bgm(wchar_t *)" (?Play_Bgm@CSoundMgr@@QEAAXPEA_W@Z) 함수)에서 확인하지 못했습니다.
SoundMgr.obj : error LNK2019: FMOD_Channel_Stop 외부 기호(참조 위치: "public: void __cdecl CSoundMgr::Stop_Bgm(void)" (?Stop_Bgm@CSoundMgr@@QEAAXXZ) 함수)에서 확인하지 못했습니다.
..\Fmodlib\fmodex_vc.lib : warning LNK4272: 'X86' 라이브러리 컴퓨터 종류가 'x64' 대상 컴퓨터 종류와 충돌합니다.
C:\Users\User\Desktop\Maple_Story\MapleStory\x64\Debug\Client.exe : fatal error LNK1120: 11개의 확인할 수 없는 외부 참조입니다.
