c:\users\user\desktop\git\maple\maplestory\client\debug\client.pch
c:\users\user\desktop\git\maple\maplestory\client\debug\vc141.pdb
c:\users\user\desktop\git\maple\maplestory\client\debug\vc141.idb
c:\users\user\desktop\git\maple\maplestory\client\debug\stdafx.obj
c:\users\user\desktop\git\maple\maplestory\client\debug\potion.obj
c:\users\user\desktop\git\maple\maplestory\client\debug\scene.obj
c:\users\user\desktop\git\maple\maplestory\client\debug\scenemgr.obj
c:\users\user\desktop\git\maple\maplestory\client\debug\shoes.obj
c:\users\user\desktop\git\maple\maplestory\client\debug\skill.obj
c:\users\user\desktop\git\maple\maplestory\client\debug\skill_input.obj
c:\users\user\desktop\git\maple\maplestory\client\debug\soundmgr.obj
c:\users\user\desktop\git\maple\maplestory\client\debug\stage1.obj
c:\users\user\desktop\git\maple\maplestory\client\debug\stage1_back.obj
c:\users\user\desktop\git\maple\maplestory\client\debug\stage1_map.obj
c:\users\user\desktop\git\maple\maplestory\client\debug\stage2.obj
c:\users\user\desktop\git\maple\maplestory\client\debug\stage2_map.obj
c:\users\user\desktop\git\maple\maplestory\client\debug\stage3.obj
c:\users\user\desktop\git\maple\maplestory\client\debug\stage3_map.obj
c:\users\user\desktop\git\maple\maplestory\client\debug\stat.obj
c:\users\user\desktop\git\maple\maplestory\client\debug\status.obj
c:\users\user\desktop\git\maple\maplestory\client\debug\store.obj
c:\users\user\desktop\git\maple\maplestory\client\debug\store_npc.obj
c:\users\user\desktop\git\maple\maplestory\client\debug\ui.obj
c:\users\user\desktop\git\maple\maplestory\client\debug\weapon.obj
c:\users\user\desktop\git\maple\maplestory\client\debug\hpbar.obj
c:\users\user\desktop\git\maple\maplestory\client\debug\inven.obj
c:\users\user\desktop\git\maple\maplestory\client\debug\item.obj
c:\users\user\desktop\git\maple\maplestory\client\debug\login.obj
c:\users\user\desktop\git\maple\maplestory\client\debug\login_back.obj
c:\users\user\desktop\git\maple\maplestory\client\debug\logo_back.obj
c:\users\user\desktop\git\maple\maplestory\client\debug\bitmap.obj
c:\users\user\desktop\git\maple\maplestory\client\debug\bitmapmgr.obj
c:\users\user\desktop\git\maple\maplestory\client\debug\client.obj
c:\users\user\desktop\git\maple\maplestory\client\debug\keymgr.obj
c:\users\user\desktop\git\maple\maplestory\client\debug\logo.obj
c:\users\user\desktop\git\maple\maplestory\client\debug\maingame.obj
c:\users\user\desktop\git\maple\maplestory\client\debug\messo.obj
c:\users\user\desktop\git\maple\maplestory\client\debug\mouse.obj
c:\users\user\desktop\git\maple\maplestory\client\debug\mpbar.obj
c:\users\user\desktop\git\maple\maplestory\client\debug\npc.obj
c:\users\user\desktop\git\maple\maplestory\client\debug\obj.obj
c:\users\user\desktop\git\maple\maplestory\client\debug\objmgr.obj
c:\users\user\desktop\git\maple\maplestory\client\debug\player.obj
c:\users\user\desktop\git\maple\maplestory\client\debug\accessory.obj
c:\users\user\desktop\git\maple\maplestory\client\debug\armor.obj
c:\users\user\desktop\git\maple\maplestory\client\debug\boss_stage.obj
c:\users\user\desktop\git\maple\maplestory\client\debug\bstage_back.obj
c:\users\user\desktop\git\maple\maplestory\client\debug\bstage_map.obj
c:\users\user\desktop\git\maple\maplestory\client\debug\collisitionmgr.obj
c:\users\user\desktop\git\maple\maplestory\client\debug\edit.obj
c:\users\user\desktop\git\maple\maplestory\client\debug\equip.obj
c:\users\user\desktop\git\maple\maplestory\client\debug\exp.obj
c:\users\user\desktop\git\maple\maplestory\client\debug\expbar.obj
c:\users\user\desktop\git\maple\maplestory\client\debug\glove.obj
c:\users\user\desktop\git\maple\maplestory\client\debug\helmet.obj
c:\users\user\desktop\git\maple\maplestory\client\debug\client.tlog\cl.command.1.tlog
c:\users\user\desktop\git\maple\maplestory\client\debug\client.tlog\cl.read.1.tlog
c:\users\user\desktop\git\maple\maplestory\client\debug\client.tlog\cl.write.1.tlog
