  stdafx.cpp
c:\users\june\desktop\maple\maple_story\maplestory\headers\define.h(4): warning C4005: 'PURE': 매크로 재정의
  c:\program files (x86)\windows kits\10\include\10.0.15063.0\um\combaseapi.h(202): note: 'PURE'의 이전 정의를 참조하십시오.
  Weapon.cpp
  UI.cpp
  Store_Npc.cpp
c:\users\june\desktop\maple\maple_story\maplestory\client\store_npc.cpp(93): warning C4244: '+=': 'float'에서 'LONG'(으)로 변환하면서 데이터가 손실될 수 있습니다.
c:\users\june\desktop\maple\maple_story\maplestory\client\store_npc.cpp(94): warning C4244: '+=': 'float'에서 'LONG'(으)로 변환하면서 데이터가 손실될 수 있습니다.
c:\users\june\desktop\maple\maple_story\maplestory\client\store_npc.cpp(95): warning C4244: '+=': 'float'에서 'LONG'(으)로 변환하면서 데이터가 손실될 수 있습니다.
c:\users\june\desktop\maple\maple_story\maplestory\client\store_npc.cpp(96): warning C4244: '+=': 'float'에서 'LONG'(으)로 변환하면서 데이터가 손실될 수 있습니다.
c:\users\june\desktop\maple\maple_story\maplestory\client\store_npc.cpp(112): warning C4244: '인수': 'float'에서 'int'(으)로 변환하면서 데이터가 손실될 수 있습니다.
  Store.cpp
  Status.cpp
c:\users\june\desktop\maple\maple_story\maplestory\client\status.cpp(43): warning C4244: '인수': 'float'에서 'int'(으)로 변환하면서 데이터가 손실될 수 있습니다.
  Stat.cpp
  Stage3_Map.cpp
  Stage3.cpp
  Stage2_Map.cpp
  Stage2.cpp
  Stage1_Map.cpp
c:\users\june\desktop\maple\maple_story\maplestory\client\stage1_map.cpp(152): warning C4244: '인수': 'float'에서 'int'(으)로 변환하면서 데이터가 손실될 수 있습니다.
  Stage1_Back.cpp
c:\users\june\desktop\maple\maple_story\maplestory\client\stage1_back.cpp(41): warning C4244: '인수': 'float'에서 'int'(으)로 변환하면서 데이터가 손실될 수 있습니다.
  Stage1.cpp
  SoundMgr.cpp
c:\users\june\desktop\maple\maple_story\maplestory\client\soundmgr.cpp(21): warning C4150: 불완전한 형식 'FMOD_SOUND'에 대한 포인터를 삭제했습니다. 소멸자가 호출되지 않습니다.
  c:\users\june\desktop\maple\maple_story\maplestory\fmodlib\fmod.h(64): note: 'FMOD_SOUND' 선언을 참조하십시오.
  Skill_Input.cpp
c:\users\june\desktop\maple\maple_story\maplestory\client\skill_input.cpp(61): warning C4244: '인수': 'float'에서 'int'(으)로 변환하면서 데이터가 손실될 수 있습니다.
  Skill.cpp
c:\users\june\desktop\maple\maple_story\maplestory\client\skill.cpp(52): warning C4244: '인수': 'float'에서 'int'(으)로 변환하면서 데이터가 손실될 수 있습니다.
  Shoes.cpp
  SceneMgr.cpp
  Scene.cpp
  Potion.cpp
  코드를 생성하고 있습니다...
  컴파일하고 있습니다...
  Player.cpp
  ObjMgr.cpp
  Obj.cpp
  Npc.cpp
  MpBar.cpp
c:\users\june\desktop\maple\maple_story\maplestory\client\mpbar.cpp(42): warning C4244: '인수': 'float'에서 'int'(으)로 변환하면서 데이터가 손실될 수 있습니다.
  Mouse.cpp
  Slim.cpp
  Monster.cpp
  Messo.cpp
  MainGame.cpp
  Logo.cpp
  KeyMgr.cpp
  Client.cpp
c:\users\june\desktop\maple\maple_story\maplestory\client\client.cpp(167): warning C4101: 'hdc' :참조되지 않은 지역 변수입니다.
c:\users\june\desktop\maple\maple_story\maplestory\client\client.cpp(166): warning C4101: 'ps' :참조되지 않은 지역 변수입니다.
c:\users\june\desktop\maple\maple_story\maplestory\client\client.cpp(165): warning C4101: 'wmEvent' :참조되지 않은 지역 변수입니다.
c:\users\june\desktop\maple\maple_story\maplestory\client\client.cpp(165): warning C4101: 'wmId' :참조되지 않은 지역 변수입니다.
  BitMapMgr.cpp
  BitMap.cpp
  Logo_Back.cpp
  LogIn_Back.cpp
c:\users\june\desktop\maple\maple_story\maplestory\client\login_back.cpp(43): warning C4244: '인수': 'float'에서 'int'(으)로 변환하면서 데이터가 손실될 수 있습니다.
  LogIn.cpp
  Item.cpp
  Inven.cpp
c:\users\june\desktop\maple\maple_story\maplestory\client\inven.cpp(49): warning C4244: '인수': 'float'에서 'int'(으)로 변환하면서 데이터가 손실될 수 있습니다.
  코드를 생성하고 있습니다...
c:\users\june\desktop\maple\maple_story\maplestory\client\player.cpp(504): warning C4172: 지역 변수 또는 임시의 주소를 반환하고 있습니다.
  컴파일하고 있습니다...
  HpBar.cpp
c:\users\june\desktop\maple\maple_story\maplestory\client\hpbar.cpp(42): warning C4244: '인수': 'float'에서 'int'(으)로 변환하면서 데이터가 손실될 수 있습니다.
  Helmet.cpp
  Glove.cpp
  ExpBar.cpp
c:\users\june\desktop\maple\maple_story\maplestory\client\expbar.cpp(42): warning C4244: '인수': 'float'에서 'int'(으)로 변환하면서 데이터가 손실될 수 있습니다.
  Exp.cpp
  Equip.cpp
c:\users\june\desktop\maple\maple_story\maplestory\client\equip.cpp(51): warning C4244: '인수': 'float'에서 'int'(으)로 변환하면서 데이터가 손실될 수 있습니다.
  Edit.cpp
  CollisitionMgr.cpp
c:\users\june\desktop\maple\maple_story\maplestory\client\collisitionmgr.cpp(93): warning C4805: '==': 연산에 'BOOL' 형식과 'bool' 형식을 함께 사용하는 것은 안전하지 않습니다.
  BStage_Map.cpp
c:\users\june\desktop\maple\maple_story\maplestory\client\bstage_map.cpp(95): warning C4244: '인수': 'float'에서 'int'(으)로 변환하면서 데이터가 손실될 수 있습니다.
  BStage_Back.cpp
c:\users\june\desktop\maple\maple_story\maplestory\client\bstage_back.cpp(39): warning C4244: '인수': 'float'에서 'int'(으)로 변환하면서 데이터가 손실될 수 있습니다.
  Boss_Stage.cpp
  Armor.cpp
  Accessory.cpp
  코드를 생성하고 있습니다...
  Client.vcxproj -> C:\Users\june\Desktop\Maple\Maple_Story\MapleStory\Debug\Client.exe
  Client.vcxproj -> C:\Users\june\Desktop\Maple\Maple_Story\MapleStory\Debug\Client.pdb (Partial PDB)
